<?xml version="1.0" encoding="UTF-8"?>
<testsuite xmlns:xsi="http://www.w3.org/2001/XMLSchema-instance" xsi:noNamespaceSchemaLocation="https://maven.apache.org/surefire/maven-surefire-plugin/xsd/surefire-test-report.xsd" name="org.ambpro.AppTest" time="0.108" tests="2" errors="0" skipped="0" failures="0">
  <properties>
[...]
</properties>
  <testcase name="initSurface" classname="org.ambpro.AppTest" time="0.073"/>
  <testcase name="initTondeuse" classname="org.ambpro.AppTest" time="0.012"/>
</testsuite>